#separator \x09
#set_separator	,
#empty_field	(empty)
#unset_field	-
#path	telemetry
#open	2023-03-07-14-36-03
#fields	ts	peer	metric_type	prefix	name	unit	labels	label_values	value
#types	time	string	string	string	string	string	vector[string]	vector[string]	double
1218023578.568431	zeek	gauge	process	resident_memory	bytes	(empty)	(empty)	0.0
1218023578.568431	zeek	gauge	process	virtual_memory	bytes	(empty)	(empty)	0.0
1218023578.568431	zeek	gauge	process	cpu	seconds	(empty)	(empty)	0.0
1218023578.568431	zeek	gauge	process	open_fds	-	(empty)	(empty)	0.0
1218023578.568431	zeek	gauge	zeek	version_info	-	beta,commit,debug,major,minor,patch,version_number,version_string	false,0,false,5,1,2,50102,5.1.2	1.0
1218023578.568431	zeek	gauge	zeek	active-sessions	-	protocol	tcp	0.0
1218023578.568431	zeek	gauge	zeek	active-sessions	-	protocol	udp	1.0
1218023578.568431	zeek	gauge	zeek	active-sessions	-	protocol	icmp	0.0
1218023578.568431	zeek	counter	zeek	total-sessions	-	protocol	tcp	0.0
1218023578.568431	zeek	counter	zeek	total-sessions	-	protocol	udp	1.0
1218023578.568431	zeek	counter	zeek	total-sessions	-	protocol	icmp	0.0
1218023585.746411	zeek	gauge	process	resident_memory	bytes	(empty)	(empty)	0.0
1218023585.746411	zeek	gauge	process	virtual_memory	bytes	(empty)	(empty)	0.0
1218023585.746411	zeek	gauge	process	cpu	seconds	(empty)	(empty)	0.0
1218023585.746411	zeek	gauge	process	open_fds	-	(empty)	(empty)	0.0
1218023585.746411	zeek	gauge	zeek	version_info	-	beta,commit,debug,major,minor,patch,version_number,version_string	false,0,false,5,1,2,50102,5.1.2	1.0
1218023585.746411	zeek	gauge	zeek	active-sessions	-	protocol	tcp	0.0
1218023585.746411	zeek	gauge	zeek	active-sessions	-	protocol	udp	1.0
1218023585.746411	zeek	gauge	zeek	active-sessions	-	protocol	icmp	0.0
1218023585.746411	zeek	counter	zeek	total-sessions	-	protocol	tcp	0.0
1218023585.746411	zeek	counter	zeek	total-sessions	-	protocol	udp	1.0
1218023585.746411	zeek	counter	zeek	total-sessions	-	protocol	icmp	0.0
#close	2023-03-07-14-36-03
